info: ::1 - - [17/May/2024:05:44:45 +0000] "GET /api/v1/ HTTP/1.1" 304 - "-" "Mozilla/5.0 (Windows NT 10.0; Win64; x64) AppleWebKit/537.36 (KHTML, like Gecko) Chrome/124.0.0.0 Safari/537.36"

info: ::1 - - [17/May/2024:05:44:45 +0000] "GET /favicon.ico HTTP/1.1" 404 47 "-" "Mozilla/5.0 (Windows NT 10.0; Win64; x64) AppleWebKit/537.36 (KHTML, like Gecko) Chrome/124.0.0.0 Safari/537.36"

info: ::1 - - [17/May/2024:05:46:00 +0000] "GET /api/v1/ HTTP/1.1" 200 16 "-" "Mozilla/5.0 (Windows NT 10.0; Win64; x64) AppleWebKit/537.36 (KHTML, like Gecko) Chrome/124.0.0.0 Safari/537.36"

info: ::1 - - [17/May/2024:05:46:30 +0000] "GET /api/v1/users HTTP/1.1" 304 - "-" "Mozilla/5.0 (Windows NT 10.0; Win64; x64) AppleWebKit/537.36 (KHTML, like Gecko) Chrome/124.0.0.0 Safari/537.36"

info: ::1 - - [17/May/2024:05:58:20 +0000] "GET /api/v1/users HTTP/1.1" 200 65 "-" "PostmanRuntime/7.39.0"

info: ::1 - - [17/May/2024:06:00:57 +0000] "POST /api/v1/users HTTP/1.1" 201 214 "-" "PostmanRuntime/7.39.0"

info: ::1 - - [17/May/2024:06:19:38 +0000] "POST /api/v1/users HTTP/1.1" 201 212 "-" "PostmanRuntime/7.39.0"

info: ::1 - - [17/May/2024:06:20:46 +0000] "POST /api/v1/users HTTP/1.1" 201 210 "-" "PostmanRuntime/7.39.0"

info: ::1 - - [17/May/2024:06:27:18 +0000] "PUT /api/v1/users/3 HTTP/1.1" 202 129 "-" "PostmanRuntime/7.39.0"

info: ::1 - - [17/May/2024:06:28:16 +0000] "PUT /api/v1/users/6 HTTP/1.1" 202 129 "-" "PostmanRuntime/7.39.0"

info: ::1 - - [17/May/2024:06:29:19 +0000] "GET /api/v1/users HTTP/1.1" 200 531 "-" "Mozilla/5.0 (Windows NT 10.0; Win64; x64) AppleWebKit/537.36 (KHTML, like Gecko) Chrome/124.0.0.0 Safari/537.36"

info: ::1 - - [17/May/2024:06:31:26 +0000] "GET /api/v1/users/6 HTTP/1.1" 200 62 "-" "PostmanRuntime/7.39.0"

info: ::1 - - [17/May/2024:06:31:33 +0000] "GET /api/v1/users/3 HTTP/1.1" 200 214 "-" "PostmanRuntime/7.39.0"

info: ::1 - - [17/May/2024:06:31:42 +0000] "GET /api/v1/users/4 HTTP/1.1" 200 210 "-" "PostmanRuntime/7.39.0"

info: ::1 - - [17/May/2024:06:38:27 +0000] "DELETE /api/v1/users/1 HTTP/1.1" 200 60 "-" "PostmanRuntime/7.39.0"

info: ::1 - - [17/May/2024:06:39:56 +0000] "DELETE /api/v1/users/2 HTTP/1.1" 200 60 "-" "PostmanRuntime/7.39.0"

info: ::1 - - [17/May/2024:06:41:08 +0000] "DELETE /api/v1/users/2 HTTP/1.1" 200 60 "-" "PostmanRuntime/7.39.0"

info: ::1 - - [17/May/2024:06:52:10 +0000] "DELETE /api/v1/users/2 HTTP/1.1" 200 60 "-" "PostmanRuntime/7.39.0"

info: ::1 - - [17/May/2024:06:53:09 +0000] "DELETE /api/v1/users/2 HTTP/1.1" 200 60 "-" "PostmanRuntime/7.39.0"

info: ::1 - - [17/May/2024:06:53:58 +0000] "DELETE /api/v1/users/2 HTTP/1.1" 200 60 "-" "PostmanRuntime/7.39.0"

info: ::1 - - [17/May/2024:07:05:11 +0000] "DELETE /api/v1/users/1 HTTP/1.1" 200 60 "-" "PostmanRuntime/7.39.0"

