<<<<<<< HEAD
info: ::1 - - [21/May/2024:05:11:56 +0000] "PUT /api/v1/users HTTP/1.1" 404 47 "-" "PostmanRuntime/7.39.0"

info: ::1 - - [21/May/2024:05:12:09 +0000] "PUT /api/v1/users/ HTTP/1.1" 404 47 "-" "PostmanRuntime/7.39.0"

info: ::1 - - [21/May/2024:05:12:49 +0000] "GET /api/v1/ HTTP/1.1" 200 9 "-" "Mozilla/5.0 (Windows NT 10.0; Win64; x64) AppleWebKit/537.36 (KHTML, like Gecko) Chrome/124.0.0.0 Safari/537.36"

info: ::1 - - [21/May/2024:05:12:49 +0000] "GET /favicon.ico HTTP/1.1" 404 47 "-" "Mozilla/5.0 (Windows NT 10.0; Win64; x64) AppleWebKit/537.36 (KHTML, like Gecko) Chrome/124.0.0.0 Safari/537.36"

info: ::1 - - [21/May/2024:05:12:59 +0000] "GET /api/v1/users HTTP/1.1" 200 532 "-" "Mozilla/5.0 (Windows NT 10.0; Win64; x64) AppleWebKit/537.36 (KHTML, like Gecko) Chrome/124.0.0.0 Safari/537.36"

info: ::1 - - [21/May/2024:05:13:29 +0000] "PUT /api/v1/users/ HTTP/1.1" 404 47 "-" "PostmanRuntime/7.39.0"

info: ::1 - - [21/May/2024:05:13:36 +0000] "PUT /api/v1/users HTTP/1.1" 404 47 "-" "PostmanRuntime/7.39.0"

info: ::1 - - [21/May/2024:05:14:43 +0000] "PUT /api/v1/users/5 HTTP/1.1" 202 214 "-" "PostmanRuntime/7.39.0"
=======
info: ::1 - - [21/May/2024:05:37:52 +0000] "POST /api/v1/users HTTP/1.1" 500 66 "-" "PostmanRuntime/7.39.0"

info: ::1 - - [21/May/2024:05:38:19 +0000] "POST /api/v1/users HTTP/1.1" 500 63 "-" "PostmanRuntime/7.39.0"

info: ::1 - - [21/May/2024:05:41:10 +0000] "POST /api/v1/users HTTP/1.1" 201 233 "-" "PostmanRuntime/7.39.0"

info: ::1 - - [21/May/2024:05:41:29 +0000] "POST /api/v1/users HTTP/1.1" 400 92 "-" "PostmanRuntime/7.39.0"

info: ::1 - - [21/May/2024:05:41:37 +0000] "POST /api/v1/users HTTP/1.1" 201 234 "-" "PostmanRuntime/7.39.0"

info: ::1 - - [21/May/2024:05:41:51 +0000] "POST /api/v1/users HTTP/1.1" 500 169 "-" "PostmanRuntime/7.39.0"

info: ::1 - - [21/May/2024:05:47:11 +0000] "POST /api/v1/users HTTP/1.1" 500 93 "-" "PostmanRuntime/7.39.0"

info: ::1 - - [21/May/2024:05:47:54 +0000] "POST /api/v1/users HTTP/1.1" 201 232 "-" "PostmanRuntime/7.39.0"

info: ::1 - - [21/May/2024:05:49:15 +0000] "POST /api/v1/users HTTP/1.1" 201 233 "-" "PostmanRuntime/7.39.0"

info: ::1 - - [21/May/2024:05:49:52 +0000] "POST /api/v1/users HTTP/1.1" 201 285 "-" "PostmanRuntime/7.39.0"
>>>>>>> main

info: ::1 - - [21/May/2024:05:58:48 +0000] "POST /api/v1/users HTTP/1.1" 201 286 "-" "PostmanRuntime/7.39.0"

info: ::1 - - [21/May/2024:06:05:45 +0000] "POST /api/v1/users/login HTTP/1.1" 500 87 "-" "PostmanRuntime/7.39.0"

info: ::1 - - [21/May/2024:06:06:46 +0000] "POST /api/v1/users/login HTTP/1.1" 500 87 "-" "PostmanRuntime/7.39.0"

info: ::1 - - [21/May/2024:06:08:16 +0000] "POST /api/v1/users/login HTTP/1.1" 500 87 "-" "PostmanRuntime/7.39.0"

info: ::1 - - [21/May/2024:06:08:33 +0000] "POST /api/v1/users/login HTTP/1.1" 500 87 "-" "PostmanRuntime/7.39.0"

