info: Server started at http://localhost:3000/api/v1/ {"timestamp":"2024-05-23T06:43:52.165Z"}
info: Connected to the database. {"timestamp":"2024-05-23T06:43:52.384Z"}
info: Server started at http://localhost:3000/api/v1/ {"timestamp":"2024-05-23T07:27:38.243Z"}
info: Connected to the database. {"timestamp":"2024-05-23T07:27:38.556Z"}
info: Server started at http://localhost:3000/api/v1/ {"timestamp":"2024-05-23T07:28:52.629Z"}
info: Connected to the database. {"timestamp":"2024-05-23T07:28:52.808Z"}
info: Server started at http://localhost:3000/api/v1/ {"timestamp":"2024-05-23T08:06:52.028Z"}
info: Connected to the database. {"timestamp":"2024-05-23T08:06:52.205Z"}
error: 
    status - 500 
    message - TypeError: The "cb" argument must be of type function. Received undefined
    at maybeCallback (node:fs:183:3)
    at Object.writeFile (node:fs:2272:14)
    at _callee2$ (C:\Users\AB\OneDrive\Desktop\node_project\fundoo_note\src\services\/admin.service.js:45:16)
    at tryCatch (C:\Users\AB\OneDrive\Desktop\node_project\fundoo_note\node_modules\@babel\runtime\helpers\regeneratorRuntime.js:45:16)
    at Generator.<anonymous> (C:\Users\AB\OneDrive\Desktop\node_project\fundoo_note\node_modules\@babel\runtime\helpers\regeneratorRuntime.js:133:17)
    at Generator.next (C:\Users\AB\OneDrive\Desktop\node_project\fundoo_note\node_modules\@babel\runtime\helpers\regeneratorRuntime.js:74:21)
    at asyncGeneratorStep (C:\Users\AB\OneDrive\Desktop\node_project\fundoo_note\node_modules\@babel\runtime\helpers\asyncToGenerator.js:3:24)
    at _next (C:\Users\AB\OneDrive\Desktop\node_project\fundoo_note\node_modules\@babel\runtime\helpers\asyncToGenerator.js:22:9) 
    url - /api/v1/admin/login 
    method - POST 
    IP - ::1
   {"timestamp":"2024-05-23T08:07:37.907Z"}
info: Server started at http://localhost:3000/api/v1/ {"timestamp":"2024-05-23T08:12:02.417Z"}
info: Connected to the database. {"timestamp":"2024-05-23T08:12:02.650Z"}
info: Server started at http://localhost:3000/api/v1/ {"timestamp":"2024-05-23T08:12:09.294Z"}
info: Connected to the database. {"timestamp":"2024-05-23T08:12:09.459Z"}
info: Connected to the database. {"timestamp":"2024-05-23T08:28:21.096Z"}
info: Connected to the database. {"timestamp":"2024-05-23T08:28:39.153Z"}
info: Connected to the database. {"timestamp":"2024-05-23T08:28:43.535Z"}
info: Connected to the database. {"timestamp":"2024-05-23T08:29:04.531Z"}
info: Server started at http://localhost:3000/api/v1/ {"timestamp":"2024-05-23T08:29:43.656Z"}
info: Connected to the database. {"timestamp":"2024-05-23T08:29:43.824Z"}
info: Server started at http://localhost:3000/api/v1/ {"timestamp":"2024-05-23T08:31:58.157Z"}
info: Connected to the database. {"timestamp":"2024-05-23T08:31:58.337Z"}
error: 
    status - 500 
    message - TypeError: (0 , _file_readwrite.writetoFile) is not a function
    at _callee$ (C:\Users\AB\OneDrive\Desktop\node_project\fundoo_note\src\middlewares\/auth.middleware.js:31:22)
    at tryCatch (C:\Users\AB\OneDrive\Desktop\node_project\fundoo_note\node_modules\@babel\runtime\helpers\regeneratorRuntime.js:45:16)
    at Generator.<anonymous> (C:\Users\AB\OneDrive\Desktop\node_project\fundoo_note\node_modules\@babel\runtime\helpers\regeneratorRuntime.js:133:17)
    at Generator.next (C:\Users\AB\OneDrive\Desktop\node_project\fundoo_note\node_modules\@babel\runtime\helpers\regeneratorRuntime.js:74:21)
    at asyncGeneratorStep (C:\Users\AB\OneDrive\Desktop\node_project\fundoo_note\node_modules\@babel\runtime\helpers\asyncToGenerator.js:3:24)
    at _next (C:\Users\AB\OneDrive\Desktop\node_project\fundoo_note\node_modules\@babel\runtime\helpers\asyncToGenerator.js:22:9)
    at processTicksAndRejections (node:internal/process/task_queues:95:5) 
    url - /api/v1/employee/ 
    method - POST 
    IP - ::1
   {"timestamp":"2024-05-23T08:33:32.825Z"}
info: Server started at http://localhost:3000/api/v1/ {"timestamp":"2024-05-23T08:36:50.381Z"}
info: Connected to the database. {"timestamp":"2024-05-23T08:36:50.577Z"}
info: Server started at http://localhost:3000/api/v1/ {"timestamp":"2024-05-23T08:37:45.498Z"}
info: Connected to the database. {"timestamp":"2024-05-23T08:37:45.693Z"}
info: Server started at http://localhost:3000/api/v1/ {"timestamp":"2024-05-23T08:37:59.226Z"}
info: Connected to the database. {"timestamp":"2024-05-23T08:37:59.411Z"}
info: Server started at http://localhost:3000/api/v1/ {"timestamp":"2024-05-23T08:40:50.621Z"}
info: Connected to the database. {"timestamp":"2024-05-23T08:40:50.897Z"}
info: Server started at http://localhost:3000/api/v1/ {"timestamp":"2024-05-23T08:41:41.893Z"}
info: Connected to the database. {"timestamp":"2024-05-23T08:41:42.064Z"}
info: Server started at http://localhost:3000/api/v1/ {"timestamp":"2024-05-23T08:42:44.025Z"}
info: Connected to the database. {"timestamp":"2024-05-23T08:42:44.219Z"}
info: Server started at http://localhost:3000/api/v1/ {"timestamp":"2024-05-23T08:50:06.019Z"}
info: Connected to the database. {"timestamp":"2024-05-23T08:50:06.240Z"}
info: Server started at http://localhost:3000/api/v1/ {"timestamp":"2024-05-23T09:16:10.026Z"}
info: Connected to the database. {"timestamp":"2024-05-23T09:16:10.218Z"}
info: Connected to the database. {"timestamp":"2024-05-23T09:20:20.695Z"}
info: Connected to the database. {"timestamp":"2024-05-23T09:21:42.067Z"}
info: Connected to the database. {"timestamp":"2024-05-23T09:22:06.374Z"}
info: Connected to the database. {"timestamp":"2024-05-23T09:23:12.640Z"}
info: Connected to the database. {"timestamp":"2024-05-23T09:30:53.672Z"}
info: Connected to the database. {"timestamp":"2024-05-23T09:33:00.869Z"}
info: Connected to the database. {"timestamp":"2024-05-23T09:36:22.227Z"}
info: Connected to the database. {"timestamp":"2024-05-23T09:37:00.440Z"}
info: Server started at http://localhost:3000/api/v1/ {"timestamp":"2024-05-23T09:40:28.555Z"}
info: Connected to the database. {"timestamp":"2024-05-23T09:40:28.778Z"}
error: 
      status - 400
      message - Authorization token is required 
      url - /api/v1/employee/ 
      method - POST 
      IP - ::1
     {"timestamp":"2024-05-23T09:41:53.260Z"}
info: Server started at http://localhost:3000/api/v1/ {"timestamp":"2024-05-23T09:46:24.537Z"}
info: Connected to the database. {"timestamp":"2024-05-23T09:46:24.751Z"}
info: Server started at http://localhost:3000/api/v1/ {"timestamp":"2024-05-23T09:46:45.077Z"}
info: Connected to the database. {"timestamp":"2024-05-23T09:46:45.275Z"}
info: Server started at http://localhost:3000/api/v1/ {"timestamp":"2024-05-23T09:46:51.435Z"}
info: Connected to the database. {"timestamp":"2024-05-23T09:46:51.655Z"}
info: Server started at http://localhost:3000/api/v1/ {"timestamp":"2024-05-23T09:47:03.265Z"}
info: Connected to the database. {"timestamp":"2024-05-23T09:47:03.445Z"}
info: Server started at http://localhost:3000/api/v1/ {"timestamp":"2024-05-23T09:49:32.287Z"}
info: Connected to the database. {"timestamp":"2024-05-23T09:49:32.473Z"}
info: Server started at http://localhost:3000/api/v1/ {"timestamp":"2024-05-23T09:51:48.433Z"}
info: Connected to the database. {"timestamp":"2024-05-23T09:51:48.621Z"}
info: Server started at http://localhost:3000/api/v1/ {"timestamp":"2024-05-23T09:58:25.987Z"}
info: Connected to the database. {"timestamp":"2024-05-23T09:58:26.172Z"}
info: Server started at http://localhost:3000/api/v1/ {"timestamp":"2024-05-23T10:00:22.452Z"}
info: Connected to the database. {"timestamp":"2024-05-23T10:00:22.638Z"}
error: 
    status - 500 
    message - TypeError: The "data" argument must be of type string or an instance of Buffer, TypedArray, or DataView. Received an instance of Object
    at Object.writeFile (node:internal/fs/promises:1049:5)
    at _callee$ (C:\Users\AB\OneDrive\Desktop\node_project\fundoo_note\src\middlewares\/file_readwrite.middleware.js:6:23)
    at tryCatch (C:\Users\AB\OneDrive\Desktop\node_project\fundoo_note\node_modules\@babel\runtime\helpers\regeneratorRuntime.js:45:16)
    at Generator.<anonymous> (C:\Users\AB\OneDrive\Desktop\node_project\fundoo_note\node_modules\@babel\runtime\helpers\regeneratorRuntime.js:133:17)
    at Generator.next (C:\Users\AB\OneDrive\Desktop\node_project\fundoo_note\node_modules\@babel\runtime\helpers\regeneratorRuntime.js:74:21)
    at asyncGeneratorStep (C:\Users\AB\OneDrive\Desktop\node_project\fundoo_note\node_modules\@babel\runtime\helpers\asyncToGenerator.js:3:24)
    at _next (C:\Users\AB\OneDrive\Desktop\node_project\fundoo_note\node_modules\@babel\runtime\helpers\asyncToGenerator.js:22:9)
    at C:\Users\AB\OneDrive\Desktop\node_project\fundoo_note\node_modules\@babel\runtime\helpers\asyncToGenerator.js:27:7
    at new Promise (<anonymous>)
    at apply (C:\Users\AB\OneDrive\Desktop\node_project\fundoo_note\node_modules\@babel\runtime\helpers\asyncToGenerator.js:19:12)
    at writeToFile (C:\Users\AB\OneDrive\Desktop\node_project\fundoo_note\src\middlewares\/file_readwrite.middleware.js:3:25)
    at _callee$ (C:\Users\AB\OneDrive\Desktop\node_project\fundoo_note\src\middlewares\/auth.middleware.js:31:22)
    at tryCatch (C:\Users\AB\OneDrive\Desktop\node_project\fundoo_note\node_modules\@babel\runtime\helpers\regeneratorRuntime.js:45:16)
    at Generator.<anonymous> (C:\Users\AB\OneDrive\Desktop\node_project\fundoo_note\node_modules\@babel\runtime\helpers\regeneratorRuntime.js:133:17)
    at Generator.next (C:\Users\AB\OneDrive\Desktop\node_project\fundoo_note\node_modules\@babel\runtime\helpers\regeneratorRuntime.js:74:21)
    at asyncGeneratorStep (C:\Users\AB\OneDrive\Desktop\node_project\fundoo_note\node_modules\@babel\runtime\helpers\asyncToGenerator.js:3:24)
    at _next (C:\Users\AB\OneDrive\Desktop\node_project\fundoo_note\node_modules\@babel\runtime\helpers\asyncToGenerator.js:22:9)
    at processTicksAndRejections (node:internal/process/task_queues:95:5) 
    url - /api/v1/employee/ 
    method - GET 
    IP - ::1
   {"timestamp":"2024-05-23T10:00:26.861Z"}
info: Server started at http://localhost:3000/api/v1/ {"timestamp":"2024-05-23T10:01:27.348Z"}
info: Connected to the database. {"timestamp":"2024-05-23T10:01:27.573Z"}
error: 
    status - 500 
    message - TypeError: The "data" argument must be of type string or an instance of Buffer, TypedArray, or DataView. Received an instance of Object
    at Object.writeFile (node:internal/fs/promises:1049:5)
    at _callee$ (C:\Users\AB\OneDrive\Desktop\node_project\fundoo_note\src\middlewares\/file_readwrite.middleware.js:6:23)
    at tryCatch (C:\Users\AB\OneDrive\Desktop\node_project\fundoo_note\node_modules\@babel\runtime\helpers\regeneratorRuntime.js:45:16)
    at Generator.<anonymous> (C:\Users\AB\OneDrive\Desktop\node_project\fundoo_note\node_modules\@babel\runtime\helpers\regeneratorRuntime.js:133:17)
    at Generator.next (C:\Users\AB\OneDrive\Desktop\node_project\fundoo_note\node_modules\@babel\runtime\helpers\regeneratorRuntime.js:74:21)
    at asyncGeneratorStep (C:\Users\AB\OneDrive\Desktop\node_project\fundoo_note\node_modules\@babel\runtime\helpers\asyncToGenerator.js:3:24)
    at _next (C:\Users\AB\OneDrive\Desktop\node_project\fundoo_note\node_modules\@babel\runtime\helpers\asyncToGenerator.js:22:9)
    at C:\Users\AB\OneDrive\Desktop\node_project\fundoo_note\node_modules\@babel\runtime\helpers\asyncToGenerator.js:27:7
    at new Promise (<anonymous>)
    at apply (C:\Users\AB\OneDrive\Desktop\node_project\fundoo_note\node_modules\@babel\runtime\helpers\asyncToGenerator.js:19:12)
    at writeToFile (C:\Users\AB\OneDrive\Desktop\node_project\fundoo_note\src\middlewares\/file_readwrite.middleware.js:3:25)
    at _callee$ (C:\Users\AB\OneDrive\Desktop\node_project\fundoo_note\src\middlewares\/auth.middleware.js:31:22)
    at tryCatch (C:\Users\AB\OneDrive\Desktop\node_project\fundoo_note\node_modules\@babel\runtime\helpers\regeneratorRuntime.js:45:16)
    at Generator.<anonymous> (C:\Users\AB\OneDrive\Desktop\node_project\fundoo_note\node_modules\@babel\runtime\helpers\regeneratorRuntime.js:133:17)
    at Generator.next (C:\Users\AB\OneDrive\Desktop\node_project\fundoo_note\node_modules\@babel\runtime\helpers\regeneratorRuntime.js:74:21)
    at asyncGeneratorStep (C:\Users\AB\OneDrive\Desktop\node_project\fundoo_note\node_modules\@babel\runtime\helpers\asyncToGenerator.js:3:24)
    at _next (C:\Users\AB\OneDrive\Desktop\node_project\fundoo_note\node_modules\@babel\runtime\helpers\asyncToGenerator.js:22:9)
    at processTicksAndRejections (node:internal/process/task_queues:95:5) 
    url - /api/v1/employee/ 
    method - GET 
    IP - ::1
   {"timestamp":"2024-05-23T10:01:30.201Z"}
info: Server started at http://localhost:3000/api/v1/ {"timestamp":"2024-05-23T10:01:57.108Z"}
info: Connected to the database. {"timestamp":"2024-05-23T10:01:57.293Z"}
info: Server started at http://localhost:3000/api/v1/ {"timestamp":"2024-05-23T10:05:05.184Z"}
info: Connected to the database. {"timestamp":"2024-05-23T10:05:05.387Z"}
info: Server started at http://localhost:3000/api/v1/ {"timestamp":"2024-05-23T11:07:50.771Z"}
info: Connected to the database. {"timestamp":"2024-05-23T11:07:50.988Z"}
