<<<<<<< HEAD
info: Server started at http://localhost:3000/api/v1/ {"timestamp":"2024-05-21T05:10:51.418Z"}
info: Connected to the database. {"timestamp":"2024-05-21T05:10:51.608Z"}
info: Server started at http://localhost:3000/api/v1/ {"timestamp":"2024-05-21T05:29:26.361Z"}
info: Connected to the database. {"timestamp":"2024-05-21T05:29:26.561Z"}
=======
info: Server started at http://localhost:3000/api/v1/ {"timestamp":"2024-05-21T05:31:45.824Z"}
info: Connected to the database. {"timestamp":"2024-05-21T05:31:46.088Z"}
info: Server started at http://localhost:3000/api/v1/ {"timestamp":"2024-05-21T05:35:00.350Z"}
info: Connected to the database. {"timestamp":"2024-05-21T05:35:00.615Z"}
info: Server started at http://localhost:3000/api/v1/ {"timestamp":"2024-05-21T05:37:04.628Z"}
info: Connected to the database. {"timestamp":"2024-05-21T05:37:04.836Z"}
error: 
    status - 500 
    message - Error: 
    at Query.run (C:\Users\AB\OneDrive\Desktop\node_project\fundoo_note\node_modules\sequelize\src\dialects\mssql\query.js:128:25)
    at C:\Users\AB\OneDrive\Desktop\node_project\fundoo_note\node_modules\sequelize\src\sequelize.js:650:28
    at processTicksAndRejections (node:internal/process/task_queues:95:5)
    at MSSqlQueryInterface.select (C:\Users\AB\OneDrive\Desktop\node_project\fundoo_note\node_modules\sequelize\src\dialects\abstract\query-interface.js:1001:12)
    at Function.findAll (C:\Users\AB\OneDrive\Desktop\node_project\fundoo_note\node_modules\sequelize\src\model.js:1824:21)
    at Function.findOne (C:\Users\AB\OneDrive\Desktop\node_project\fundoo_note\node_modules\sequelize\src\model.js:1998:12) 
    url - /api/v1/users 
    method - POST 
    IP - ::1
   {"timestamp":"2024-05-21T05:37:52.819Z"}
error: 
    status - 500 
    message - Error: 
    at Query.run (C:\Users\AB\OneDrive\Desktop\node_project\fundoo_note\node_modules\sequelize\src\dialects\mssql\query.js:128:25)
    at C:\Users\AB\OneDrive\Desktop\node_project\fundoo_note\node_modules\sequelize\src\sequelize.js:650:28
    at processTicksAndRejections (node:internal/process/task_queues:95:5)
    at MSSqlQueryInterface.select (C:\Users\AB\OneDrive\Desktop\node_project\fundoo_note\node_modules\sequelize\src\dialects\abstract\query-interface.js:1001:12)
    at Function.findAll (C:\Users\AB\OneDrive\Desktop\node_project\fundoo_note\node_modules\sequelize\src\model.js:1824:21)
    at Function.findOne (C:\Users\AB\OneDrive\Desktop\node_project\fundoo_note\node_modules\sequelize\src\model.js:1998:12) 
    url - /api/v1/users 
    method - POST 
    IP - ::1
   {"timestamp":"2024-05-21T05:38:19.459Z"}
info: Server started at http://localhost:3000/api/v1/ {"timestamp":"2024-05-21T05:38:33.411Z"}
info: Connected to the database. {"timestamp":"2024-05-21T05:38:33.589Z"}
info: Server started at http://localhost:3000/api/v1/ {"timestamp":"2024-05-21T05:38:52.441Z"}
info: Connected to the database. {"timestamp":"2024-05-21T05:38:52.653Z"}
info: Server started at http://localhost:3000/api/v1/ {"timestamp":"2024-05-21T05:41:05.257Z"}
info: Connected to the database. {"timestamp":"2024-05-21T05:41:05.440Z"}
info: Server started at http://localhost:3000/api/v1/ {"timestamp":"2024-05-21T05:41:22.231Z"}
info: Connected to the database. {"timestamp":"2024-05-21T05:41:22.409Z"}
error: 
    status - 500 
    message - ValidationError: Password must have at least 8 characters, including one uppercase letter, one lowercase letter, one number, and one special character. 
    url - /api/v1/users 
    method - POST 
    IP - ::1
   {"timestamp":"2024-05-21T05:41:51.789Z"}
info: Server started at http://localhost:3000/api/v1/ {"timestamp":"2024-05-21T05:43:23.550Z"}
info: Connected to the database. {"timestamp":"2024-05-21T05:43:23.746Z"}
info: Server started at http://localhost:3000/api/v1/ {"timestamp":"2024-05-21T05:44:09.950Z"}
info: Connected to the database. {"timestamp":"2024-05-21T05:44:10.145Z"}
info: Server started at http://localhost:3000/api/v1/ {"timestamp":"2024-05-21T05:44:32.926Z"}
info: Connected to the database. {"timestamp":"2024-05-21T05:44:33.107Z"}
info: Server started at http://localhost:3000/api/v1/ {"timestamp":"2024-05-21T05:45:34.466Z"}
info: Connected to the database. {"timestamp":"2024-05-21T05:45:34.639Z"}
info: Server started at http://localhost:3000/api/v1/ {"timestamp":"2024-05-21T05:46:49.478Z"}
info: Connected to the database. {"timestamp":"2024-05-21T05:46:49.671Z"}
error: 
    status - 500 
    message - SequelizeValidationError: string violation: password cannot be an array or an object
    at InstanceValidator._validate (C:\Users\AB\OneDrive\Desktop\node_project\fundoo_note\node_modules\sequelize\src\instance-validator.js:78:13)
    at processTicksAndRejections (node:internal/process/task_queues:95:5)
    at InstanceValidator._validateAndRunHooks (C:\Users\AB\OneDrive\Desktop\node_project\fundoo_note\node_modules\sequelize\src\instance-validator.js:111:7)
    at InstanceValidator.validate (C:\Users\AB\OneDrive\Desktop\node_project\fundoo_note\node_modules\sequelize\src\instance-validator.js:93:12)
    at user.save (C:\Users\AB\OneDrive\Desktop\node_project\fundoo_note\node_modules\sequelize\src\model.js:4077:7)
    at Function.create (C:\Users\AB\OneDrive\Desktop\node_project\fundoo_note\node_modules\sequelize\src\model.js:2305:12) 
    url - /api/v1/users 
    method - POST 
    IP - ::1
   {"timestamp":"2024-05-21T05:47:11.082Z"}
info: Server started at http://localhost:3000/api/v1/ {"timestamp":"2024-05-21T05:47:51.449Z"}
info: Connected to the database. {"timestamp":"2024-05-21T05:47:51.674Z"}
info: Server started at http://localhost:3000/api/v1/ {"timestamp":"2024-05-21T05:49:04.769Z"}
info: Connected to the database. {"timestamp":"2024-05-21T05:49:04.969Z"}
info: Server started at http://localhost:3000/api/v1/ {"timestamp":"2024-05-21T05:49:45.886Z"}
info: Connected to the database. {"timestamp":"2024-05-21T05:49:46.184Z"}
>>>>>>> main
info: Server started at http://localhost:3000/api/v1/ {"timestamp":"2024-05-21T05:57:50.787Z"}
info: Connected to the database. {"timestamp":"2024-05-21T05:57:50.988Z"}
info: Connected to the database. {"timestamp":"2024-05-21T05:59:52.256Z"}
info: Server started at http://localhost:3000/api/v1/ {"timestamp":"2024-05-21T06:02:10.257Z"}
info: Connected to the database. {"timestamp":"2024-05-21T06:02:10.443Z"}
info: Server started at http://localhost:3000/api/v1/ {"timestamp":"2024-05-21T06:05:29.127Z"}
info: Connected to the database. {"timestamp":"2024-05-21T06:05:29.287Z"}
error: 
    status - 500 
    message - TypeError: Cannot read properties of undefined (reading 'code')
    at _callee2$ (C:\Users\AB\OneDrive\Desktop\node_project\fundoo_note\src\controllers\/user.controller.js:27:21)
    at tryCatch (C:\Users\AB\OneDrive\Desktop\node_project\fundoo_note\node_modules\@babel\runtime\helpers\regeneratorRuntime.js:45:16)
    at Generator.<anonymous> (C:\Users\AB\OneDrive\Desktop\node_project\fundoo_note\node_modules\@babel\runtime\helpers\regeneratorRuntime.js:133:17)
    at Generator.next (C:\Users\AB\OneDrive\Desktop\node_project\fundoo_note\node_modules\@babel\runtime\helpers\regeneratorRuntime.js:74:21)
    at asyncGeneratorStep (C:\Users\AB\OneDrive\Desktop\node_project\fundoo_note\node_modules\@babel\runtime\helpers\asyncToGenerator.js:3:24)
    at _next (C:\Users\AB\OneDrive\Desktop\node_project\fundoo_note\node_modules\@babel\runtime\helpers\asyncToGenerator.js:22:9)
    at processTicksAndRejections (node:internal/process/task_queues:95:5) 
    url - /api/v1/users/login 
    method - POST 
    IP - ::1
   {"timestamp":"2024-05-21T06:05:45.103Z"}
info: Server started at http://localhost:3000/api/v1/ {"timestamp":"2024-05-21T06:06:43.736Z"}
info: Connected to the database. {"timestamp":"2024-05-21T06:06:43.910Z"}
error: 
    status - 500 
    message - TypeError: Cannot read properties of undefined (reading 'code')
    at _callee2$ (C:\Users\AB\OneDrive\Desktop\node_project\fundoo_note\src\controllers\/user.controller.js:27:21)
    at tryCatch (C:\Users\AB\OneDrive\Desktop\node_project\fundoo_note\node_modules\@babel\runtime\helpers\regeneratorRuntime.js:45:16)
    at Generator.<anonymous> (C:\Users\AB\OneDrive\Desktop\node_project\fundoo_note\node_modules\@babel\runtime\helpers\regeneratorRuntime.js:133:17)
    at Generator.next (C:\Users\AB\OneDrive\Desktop\node_project\fundoo_note\node_modules\@babel\runtime\helpers\regeneratorRuntime.js:74:21)
    at asyncGeneratorStep (C:\Users\AB\OneDrive\Desktop\node_project\fundoo_note\node_modules\@babel\runtime\helpers\asyncToGenerator.js:3:24)
    at _next (C:\Users\AB\OneDrive\Desktop\node_project\fundoo_note\node_modules\@babel\runtime\helpers\asyncToGenerator.js:22:9)
    at processTicksAndRejections (node:internal/process/task_queues:95:5) 
    url - /api/v1/users/login 
    method - POST 
    IP - ::1
   {"timestamp":"2024-05-21T06:06:46.926Z"}
info: Server started at http://localhost:3000/api/v1/ {"timestamp":"2024-05-21T06:08:13.693Z"}
info: Connected to the database. {"timestamp":"2024-05-21T06:08:13.900Z"}
error: 
    status - 500 
    message - TypeError: Cannot read properties of undefined (reading 'code')
    at _callee2$ (C:\Users\AB\OneDrive\Desktop\node_project\fundoo_note\src\controllers\/user.controller.js:27:21)
    at tryCatch (C:\Users\AB\OneDrive\Desktop\node_project\fundoo_note\node_modules\@babel\runtime\helpers\regeneratorRuntime.js:45:16)
    at Generator.<anonymous> (C:\Users\AB\OneDrive\Desktop\node_project\fundoo_note\node_modules\@babel\runtime\helpers\regeneratorRuntime.js:133:17)
    at Generator.next (C:\Users\AB\OneDrive\Desktop\node_project\fundoo_note\node_modules\@babel\runtime\helpers\regeneratorRuntime.js:74:21)
    at asyncGeneratorStep (C:\Users\AB\OneDrive\Desktop\node_project\fundoo_note\node_modules\@babel\runtime\helpers\asyncToGenerator.js:3:24)
    at _next (C:\Users\AB\OneDrive\Desktop\node_project\fundoo_note\node_modules\@babel\runtime\helpers\asyncToGenerator.js:22:9)
    at processTicksAndRejections (node:internal/process/task_queues:95:5) 
    url - /api/v1/users/login 
    method - POST 
    IP - ::1
   {"timestamp":"2024-05-21T06:08:16.064Z"}
info: Server started at http://localhost:3000/api/v1/ {"timestamp":"2024-05-21T06:08:30.035Z"}
info: Connected to the database. {"timestamp":"2024-05-21T06:08:30.208Z"}
error: 
    status - 500 
    message - TypeError: Cannot read properties of undefined (reading 'code')
    at _callee2$ (C:\Users\AB\OneDrive\Desktop\node_project\fundoo_note\src\controllers\/user.controller.js:27:21)
    at tryCatch (C:\Users\AB\OneDrive\Desktop\node_project\fundoo_note\node_modules\@babel\runtime\helpers\regeneratorRuntime.js:45:16)
    at Generator.<anonymous> (C:\Users\AB\OneDrive\Desktop\node_project\fundoo_note\node_modules\@babel\runtime\helpers\regeneratorRuntime.js:133:17)
    at Generator.next (C:\Users\AB\OneDrive\Desktop\node_project\fundoo_note\node_modules\@babel\runtime\helpers\regeneratorRuntime.js:74:21)
    at asyncGeneratorStep (C:\Users\AB\OneDrive\Desktop\node_project\fundoo_note\node_modules\@babel\runtime\helpers\asyncToGenerator.js:3:24)
    at _next (C:\Users\AB\OneDrive\Desktop\node_project\fundoo_note\node_modules\@babel\runtime\helpers\asyncToGenerator.js:22:9) 
    url - /api/v1/users/login 
    method - POST 
    IP - ::1
   {"timestamp":"2024-05-21T06:08:33.034Z"}
info: Server started at http://localhost:3000/api/v1/ {"timestamp":"2024-05-21T08:15:56.920Z"}
info: Connected to the database. {"timestamp":"2024-05-21T08:15:57.088Z"}
info: Server started at http://localhost:3000/api/v1/ {"timestamp":"2024-05-21T08:21:03.218Z"}
info: Connected to the database. {"timestamp":"2024-05-21T08:21:03.399Z"}
info: Server started at http://localhost:3000/api/v1/ {"timestamp":"2024-05-21T08:53:08.549Z"}
info: Connected to the database. {"timestamp":"2024-05-21T08:53:08.722Z"}
info: Server started at http://localhost:3000/api/v1/ {"timestamp":"2024-05-21T08:53:29.826Z"}
info: Connected to the database. {"timestamp":"2024-05-21T08:53:29.966Z"}
info: Server started at http://localhost:3000/api/v1/ {"timestamp":"2024-05-21T08:54:34.559Z"}
info: Connected to the database. {"timestamp":"2024-05-21T08:54:34.734Z"}
info: Server started at http://localhost:3000/api/v1/ {"timestamp":"2024-05-21T08:56:29.382Z"}
info: Connected to the database. {"timestamp":"2024-05-21T08:56:29.554Z"}
error: 
    status - 500 
    message - ValidationError: "firstName" is required 
    url - /api/v1/users 
    method - POST 
    IP - ::1
   {"timestamp":"2024-05-21T08:57:00.370Z"}
error: 
    status - 500 
    message - ValidationError: Password must have at least 8 characters, including one uppercase letter, one lowercase letter, one number, and one special character. 
    url - /api/v1/users 
    method - POST 
    IP - ::1
   {"timestamp":"2024-05-21T09:01:18.383Z"}
info: Server started at http://localhost:3000/api/v1/ {"timestamp":"2024-05-21T09:05:07.128Z"}
info: Connected to the database. {"timestamp":"2024-05-21T09:05:07.312Z"}
info: Server started at http://localhost:3000/api/v1/ {"timestamp":"2024-05-21T09:16:18.759Z"}
info: Connected to the database. {"timestamp":"2024-05-21T09:16:18.909Z"}
info: Server started at http://localhost:3000/api/v1/ {"timestamp":"2024-05-21T09:18:02.530Z"}
info: Connected to the database. {"timestamp":"2024-05-21T09:18:02.702Z"}
info: Server started at http://localhost:3000/api/v1/ {"timestamp":"2024-05-21T09:38:59.895Z"}
info: Connected to the database. {"timestamp":"2024-05-21T09:39:00.045Z"}
info: Server started at http://localhost:3000/api/v1/ {"timestamp":"2024-05-21T09:41:09.864Z"}
info: Connected to the database. {"timestamp":"2024-05-21T09:41:10.062Z"}
info: Server started at http://localhost:3000/api/v1/ {"timestamp":"2024-05-21T09:41:54.636Z"}
info: Connected to the database. {"timestamp":"2024-05-21T09:41:54.876Z"}
info: Server started at http://localhost:3000/api/v1/ {"timestamp":"2024-05-21T09:42:25.547Z"}
info: Connected to the database. {"timestamp":"2024-05-21T09:42:25.746Z"}
info: Server started at http://localhost:3000/api/v1/ {"timestamp":"2024-05-21T09:42:40.548Z"}
info: Connected to the database. {"timestamp":"2024-05-21T09:42:40.708Z"}
info: Server started at http://localhost:3000/api/v1/ {"timestamp":"2024-05-21T10:03:23.469Z"}
info: Connected to the database. {"timestamp":"2024-05-21T10:03:23.627Z"}
